<?xml version="1.0" encoding="UTF-8"?>
<!-- Generated by org.testng.reporters.JUnitReportReporter -->
<testsuite hostname="DESKTOP-OJM2MG8" failures="0" tests="1" name="runner.Runner" time="10.258" errors="0" timestamp="2023-12-05T14:14:59 CET" skipped="0">
  <testcase classname="runner.Runner" name="runScenario" time="10.258"/>
</testsuite> <!-- runner.Runner -->
