<?xml version="1.0" encoding="UTF-8"?>
<!-- Generated by org.testng.reporters.JUnitReportReporter -->
<testsuite hostname="DESKTOP-OJM2MG8" failures="0" tests="1" name="runner.Runner" time="8.776" errors="0" timestamp="2023-12-06T13:14:14 CET" skipped="0">
  <testcase classname="runner.Runner" name="runScenario" time="8.776"/>
</testsuite> <!-- runner.Runner -->
