<?xml version="1.0" encoding="UTF-8"?>
<!-- Generated by org.testng.reporters.JUnitReportReporter -->
<testsuite hostname="DESKTOP-OJM2MG8" failures="0" tests="1" name="tests.FourTest" time="7.279" errors="0" timestamp="2023-12-06T13:14:30 CET" skipped="0">
  <testcase classname="tests.FourTest" name="testFour" time="7.279"/>
</testsuite> <!-- tests.FourTest -->
