<?xml version="1.0" encoding="UTF-8"?>
<!-- Generated by org.testng.reporters.JUnitReportReporter -->
<testsuite hostname="DESKTOP-OJM2MG8" failures="0" tests="1" name="tests.ThreeTest" time="6.933" errors="0" timestamp="2023-12-05T13:16:06 CET" skipped="0">
  <testcase classname="tests.ThreeTest" name="testThree" time="6.933"/>
</testsuite> <!-- tests.ThreeTest -->
