<?xml version="1.0" encoding="UTF-8"?>
<!-- Generated by org.testng.reporters.JUnitReportReporter -->
<testsuite hostname="DESKTOP-OJM2MG8" failures="0" tests="1" name="tests.ThreeTest" time="4.802" errors="0" timestamp="2023-12-06T12:52:08 CET" skipped="0">
  <testcase classname="tests.ThreeTest" name="testThree" time="4.802"/>
</testsuite> <!-- tests.ThreeTest -->
